  Camera.cpp
  Direct3D11.cpp
  GameObject.cpp
  Gui.cpp
  Input.cpp
  ObCircle.cpp
  ObImage.cpp
  ObLine.cpp
  ObRect.cpp
  ObStar.cpp
  Random.cpp
  SceneManager.cpp
  Shader.cpp
  Sound.cpp
  Texture.cpp
  Timer.cpp
C:\Users\슈뢰딩거\Desktop\감자감자\Framework\2DFrameWork\Texture.cpp(29,62): warning C4267: '=': 'size_t'에서 'int'(으)로 변환하면서 데이터가 손실될 수 있습니다.
C:\Users\슈뢰딩거\Desktop\감자감자\Framework\2DFrameWork\Texture.cpp(30,62): warning C4267: '=': 'size_t'에서 'int'(으)로 변환하면서 데이터가 손실될 수 있습니다.
  Utility.cpp
  Window.cpp
  2DFrameWork.vcxproj -> C:\Users\슈뢰딩거\Desktop\감자감자\Framework\Build\2DFrameWork\2DFrameWork.lib
